\BOOKMARK [1][-]{section*.1}{\376\377\000T\000h\000e\000\040\000c\000l\000a\000s\000s\000i\000c\000a\000l\000\040\000S\000c\000h\000o\000o\000l}{}% 1
\BOOKMARK [1][-]{section*.2}{\376\377\000M\000a\000c\000r\000o\000\040\000E\000c\000o\000n\000o\000m\000i\000c\000s}{}% 2
\BOOKMARK [2][-]{section*.3}{\376\377\000G\000D\000P}{section*.2}% 3
\BOOKMARK [1][-]{section*.4}{\376\377\000G\000D\000P\000\040\000c\000o\000m\000p\000o\000s\000i\000t\000i\000o\000n}{}% 4
\BOOKMARK [2][-]{section*.5}{\376\377\000C\000o\000n\000s\000u\000m\000p\000t\000i\000o\000n}{section*.4}% 5
\BOOKMARK [2][-]{section*.6}{\376\377\000I\000n\000f\000l\000a\000t\000i\000o\000n}{section*.4}% 6
\BOOKMARK [2][-]{section*.7}{\376\377\000P\000h\000i\000l\000i\000p\000s\000\040\000c\000u\000r\000v\000e}{section*.4}% 7
\BOOKMARK [1][-]{section*.8}{\376\377\000G\000D\000P\000\040\000c\000o\000m\000p\000o\000s\000i\000t\000i\000o\000n\000\040\0002}{}% 8
\BOOKMARK [2][-]{section*.9}{\376\377\000f\000u\000r\000t\000h\000e\000r\000\040\000a\000d\000j\000u\000s\000t\000m\000e\000n\000t\000s}{section*.8}% 9
\BOOKMARK [2][-]{section*.10}{\376\377\000U\000n\000e\000m\000p\000l\000y\000m\000e\000n\000t\000\040\000o\000r\000\040\000i\000n\000f\000l\000a\000t\000i\000o\000n}{section*.8}% 10
\BOOKMARK [2][-]{section*.11}{\376\377\000P\000r\000o\000b\000l\000e\000m\000s\000\040\000w\000i\000t\000h\000\040\000u\000n\000e\000m\000p\000l\000y\000m\000e\000n\000t}{section*.8}% 11
\BOOKMARK [1][-]{section*.12}{\376\377\000C\000h\000a\000p\000t\000e\000r\000\040\0003}{}% 12
\BOOKMARK [2][-]{section*.13}{\376\377\000C\000o\000r\000e\000\040\000a\000s\000s\000u\000m\000p\000t\000i\000o\000n\000s}{section*.12}% 13
\BOOKMARK [2][-]{section*.14}{}{section*.12}% 14
\BOOKMARK [1][-]{section*.15}{\376\377\000U\000n\000d\000e\000r\000s\000t\000a\000n\000d\000i\000n\000g\000\040\000t\000h\000e\000\040\000e\000c\000o\000n\000o\000m\000i\000c\000s\000\040\000o\000f\000\040\000G\000D\000P\000\040\000e\000q\000u\000a\000t\000i\000o\000n\000.}{}% 15
\BOOKMARK [2][-]{section*.16}{\376\377\000T\000h\000e\000\040\000a\000g\000g\000r\000e\000g\000a\000t\000e\000\040\000e\000x\000p\000e\000n\000d\000i\000t\000u\000r\000e\000\040\000m\000o\000d\000e\000l\000.}{section*.15}% 16
\BOOKMARK [2][-]{section*.17}{\376\377\000I\000n\000t\000r\000o\000d\000u\000c\000i\000n\000g\000\040\000i\000m\000p\000o\000r\000t\000s\000\040\000a\000n\000d\000\040\000e\000x\000p\000o\000r\000t\000s}{section*.15}% 17
\BOOKMARK [1][-]{section*.18}{\376\377\000P\000a\000r\000a\000d\000o\000x\000\040\000o\000f\000\040\000t\000h\000r\000i\000f\000t}{}% 18
\BOOKMARK [1][-]{section*.19}{\376\377\000I\000s\000\040\000t\000h\000e\000\040\000g\000o\000v\000e\000r\000e\000m\000e\000n\000t\000\040\000o\000m\000n\000i\000p\000o\000n\000t\000e\000n\000t}{}% 19
\BOOKMARK [1][-]{section*.20}{\376\377\000T\000h\000e\000\040\000m\000a\000t\000h\000a\000m\000a\000t\000i\000c\000a\000l\000\040\000m\000o\000d\000e\000l\000\040\000o\000f\000\040\000t\000h\000e\000\040\000f\000i\000n\000a\000c\000i\000a\000l\000\040\000m\000a\000r\000k\000e\000t\000.}{}% 20
\BOOKMARK [2][-]{section*.21}{\376\377\000F\000u\000n\000c\000t\000i\000o\000n\000s\000\040\000o\000f\000\040\000m\000o\000n\000e\000y}{section*.20}% 21
\BOOKMARK [2][-]{section*.22}{\376\377\000M\000o\000t\000i\000v\000e\000s\000\040\000f\000r\000o\000r\000\040\000h\000o\000l\000d\000i\000n\000g\000\040\000m\000o\000n\000e\000y}{section*.20}% 22
\BOOKMARK [2][-]{section*.23}{\376\377\000n\000e\000s\000s\000e\000s\000a\000r\000y\000\040\000i\000n\000f\000o\000r\000m\000a\000t\000i\000o\000n}{section*.20}% 23
\BOOKMARK [2][-]{section*.24}{\376\377\000T\000h\000e\000\040\000i\000n\000v\000e\000r\000s\000e\000\040\000r\000e\000l\000a\000t\000i\000o\000n\000s\000h\000i\000p\000\040\000b\000e\000t\000w\000e\000e\000n\000\040\000i\000n\000t\000e\000r\000e\000s\000t\000\040\000r\000a\000t\000e\000s\000\040\000a\000n\000d\000\040\000t\000h\000e\000\040\000p\000r\000i\000c\000e\000\040\000o\000f\000\040\000b\000o\000n\000d\000s\000.\000\040\000Z\000e\000r\000o\000\040\000c\000o\000u\000p\000o\000n\000\040\000b\000o\000n\000d\000s\000.\000\040\000f\000a\000c\000e\000\040\000v\000a\000l\000u\000e\000\040\000i\000s\000\040\000d\000e\000t\000e\000r\000m\000i\000n\000e\000d\000\040\000b\000y\000\040\000t\000h\000e\000\040\000i\000s\000s\000u\000e\000r\000\040\000o\000r\000\040\000g\000o\000v\000e\000r\000m\000e\000n\000t\000.\000\040\000T\000h\000i\000s\000\040\000i\000s\000\040\000t\000h\000e\000\040\000r\000e\000s\000u\000l\000t\000\040\000t\000h\000a\000t\000\040\000t\000h\000e\000\040\000g\000o\000v\000e\000r\000m\000e\000n\000t\000\040\000b\000o\000r\000r\000o\000w\000s\000\040\000f\000r\000o\000m\000\040\000c\000o\000n\000s\000u\000m\000e\000r}{section*.20}% 24
\BOOKMARK [1][-]{section*.25}{\376\377\000M\000o\000n\000e\000t\000a\000r\000y\000\040\000p\000o\000l\000i\000c\000y\000\040\000e\000f\000f\000e\000c\000t\000i\000v\000n\000e\000s\000s\000\040\000a\000n\000d\000\040\000t\000h\000e\000\040\000i\000s\000l\000m\000\040\000c\000u\000r\000v\000e}{}% 25
\BOOKMARK [2][-]{section*.26}{\376\377\000E\000x\000p\000a\000n\000s\000i\000o\000n\000a\000r\000y\000\040\000m\000o\000n\000i\000t\000r\000y\000\040\000p\000o\000l\000i\000c\000y}{section*.25}% 26
\BOOKMARK [2][-]{section*.27}{\376\377\000T\000h\000e\000\040\000e\000f\000f\000e\000c\000t\000i\000v\000n\000e\000s\000s\000\040\000o\000f\000\040\000f\000i\000s\000c\000a\000l\000\040\000p\000o\000l\000i\000c\000y\000\040\000u\000n\000d\000e\000r\000\040\000d\000i\000f\000f\000e\000r\000e\000n\000t\000\040\000a\000s\000s\000u\000m\000p\000t\000i\000o\000m\000s\000\040\000a\000b\000o\000u\000t\000\040\000t\000h\000e\000\040\000s\000l\000o\000p\000\040\000o\000f\000\040\000t\000h\000e\000\040\000I\000S\000\040\000f\000u\000n\000c\000t\000i\000o\000n}{section*.25}% 27
